#
# There is insufficient memory for the Java Runtime Environment to continue.
# Native memory allocation (malloc) failed to allocate 1048576 bytes for AllocateHeap
# Possible reasons:
#   The system is out of physical RAM or swap space
#   In 32 bit mode, the process size limit was hit
# Possible solutions:
#   Reduce memory load on the system
#   Increase physical memory or swap space
#   Check if swap backing store is full
#   Use 64 bit Java on a 64 bit OS
#   Decrease Java heap size (-Xmx/-Xms)
#   Decrease number of Java threads
#   Decrease Java thread stack sizes (-Xss)
#   Set larger code cache with -XX:ReservedCodeCacheSize=
# This output file may be truncated or incomplete.
#
#  Out of Memory Error (memory/allocation.inline.hpp:61), pid=11188, tid=0x0000000000002324
#
# JRE version:  (8.0_101-b13) (build )
# Java VM: Java HotSpot(TM) 64-Bit Server VM (25.101-b13 mixed mode windows-amd64 compressed oops)
# Failed to write core dump. Minidumps are not enabled by default on client versions of Windows
#

---------------  T H R E A D  ---------------

Current thread (0x00000000033ee800):  JavaThread "Unknown thread" [_thread_in_vm, id=8996, stack(0x00000000033f0000,0x00000000034f0000)]

Stack: [0x00000000033f0000,0x00000000034f0000]
[error occurred during error reporting (printing stack bounds), id 0xc0000005]

Native frames: (J=compiled Java code, j=interpreted, Vv=VM code, C=native code)


---------------  P R O C E S S  ---------------

Java Threads: ( => current thread )

Other Threads:

=>0x00000000033ee800 (exited) JavaThread "Unknown thread" [_thread_in_vm, id=8996, stack(0x00000000033f0000,0x00000000034f0000)]

VM state:not at safepoint (normal execution)

VM Mutex/Monitor currently owned by a thread: None

Heap:
 PSYoungGen      total 38400K, used 665K [0x00000000eab00000, 0x00000000ed580000, 0x0000000100000000)
  eden space 33280K, 2% used [0x00000000eab00000,0x00000000eaba6670,0x00000000ecb80000)
  from space 5120K, 0% used [0x00000000ed080000,0x00000000ed080000,0x00000000ed580000)
  to   space 5120K, 0% used [0x00000000ecb80000,0x00000000ecb80000,0x00000000ed080000)
 ParOldGen       total 87552K, used 0K [0x00000000c0000000, 0x00000000c5580000, 0x00000000eab00000)
  object space 87552K, 0% used [0x00000000c0000000,0x00000000c0000000,0x00000000c5580000)
 Metaspace       used 769K, capacity 4480K, committed 4480K, reserved 1056768K
  class space    used 75K, capacity 384K, committed 384K, reserved 1048576K

Card table byte_map: [0x00000000129b0000,0x0000000012bc0000] byte_map_base: 0x00000000123b0000

Marking Bits: (ParMarkBitMap*) 0x0000000076ffa6d0
 Begin Bits: [0x0000000013520000, 0x0000000014520000)
 End Bits:   [0x0000000014520000, 0x0000000015520000)

Polling page: 0x0000000001420000

CodeCache: size=245760Kb used=328Kb max_used=328Kb free=245431Kb
 bounds [0x00000000035f0000, 0x0000000003860000, 0x00000000125f0000]
 total_blobs=58 nmethods=0 adapters=38
 compilation: enabled

Compilation events (0 events):
No events

GC Heap History (0 events):
No events

Deoptimization events (0 events):
No events

Internal exceptions (0 events):
No events

Events (10 events):
Event: 0.066 loading class java/lang/Short
Event: 0.066 loading class java/lang/Short done
Event: 0.066 loading class java/lang/Integer
Event: 0.067 loading class java/lang/Integer done
Event: 0.067 loading class java/lang/Long
Event: 0.067 loading class java/lang/Long done
Event: 0.069 loading class java/lang/NullPointerException
Event: 0.069 loading class java/lang/NullPointerException done
Event: 0.069 loading class java/lang/ArithmeticException
Event: 0.069 loading class java/lang/ArithmeticException done


Dynamic libraries:
0x00007ff693fe0000 - 0x00007ff694017000 	E:\work\jdk1.8.0_101\bin\java.exe
0x00007ffed95c0000 - 0x00007ffed9781000 	C:\WINDOWS\SYSTEM32\ntdll.dll
0x00007ffed6c70000 - 0x00007ffed6d1d000 	C:\WINDOWS\system32\KERNEL32.DLL
0x00007ffed5a40000 - 0x00007ffed5c28000 	C:\WINDOWS\system32\KERNELBASE.dll
0x00007ffed6800000 - 0x00007ffed68a7000 	C:\WINDOWS\system32\ADVAPI32.dll
0x00007ffed7b60000 - 0x00007ffed7bfd000 	C:\WINDOWS\system32\msvcrt.dll
0x00007ffed7da0000 - 0x00007ffed7dfb000 	C:\WINDOWS\system32\sechost.dll
0x00007ffed6b50000 - 0x00007ffed6c6c000 	C:\WINDOWS\system32\RPCRT4.dll
0x00007ffed7500000 - 0x00007ffed7656000 	C:\WINDOWS\system32\USER32.dll
0x00007ffed76d0000 - 0x00007ffed7856000 	C:\WINDOWS\system32\GDI32.dll
0x00007ffed0560000 - 0x00007ffed07d4000 	C:\WINDOWS\WinSxS\amd64_microsoft.windows.common-controls_6595b64144ccf1df_6.0.10586.672_none_a2d6b3cea53ff843\COMCTL32.dll
0x00007ffed7260000 - 0x00007ffed74dd000 	C:\WINDOWS\system32\combase.dll
0x00007ffed5ea0000 - 0x00007ffed5f0a000 	C:\WINDOWS\system32\bcryptPrimitives.dll
0x00007ffed7c00000 - 0x00007ffed7c3b000 	C:\WINDOWS\system32\IMM32.DLL
0x00007ffed54d0000 - 0x00007ffed5501000 	C:\Windows\system32\nvinitx.dll
0x00007ffed54c0000 - 0x00007ffed54ca000 	C:\WINDOWS\SYSTEM32\VERSION.dll
0x0000000076320000 - 0x00000000763f2000 	E:\work\jdk1.8.0_101\jre\bin\msvcr100.dll
0x00000000767e0000 - 0x000000007707a000 	E:\work\jdk1.8.0_101\jre\bin\server\jvm.dll
0x00007ffed6030000 - 0x00007ffed6053000 	C:\WINDOWS\system32\WINMM.dll
0x00007ffed59e0000 - 0x00007ffed5a0c000 	C:\WINDOWS\system32\WINMMBASE.dll
0x00007ffece770000 - 0x00007ffece779000 	C:\WINDOWS\SYSTEM32\WSOCK32.dll
0x00007ffed67b0000 - 0x00007ffed67f3000 	C:\WINDOWS\system32\cfgmgr32.dll
0x00007ffed6980000 - 0x00007ffed6988000 	C:\WINDOWS\system32\PSAPI.DLL
0x00007ffed79e0000 - 0x00007ffed7a4b000 	C:\WINDOWS\system32\WS2_32.dll
0x0000000050020000 - 0x000000005002f000 	E:\work\jdk1.8.0_101\jre\bin\verify.dll
0x00000000774f0000 - 0x0000000077519000 	E:\work\jdk1.8.0_101\jre\bin\java.dll
0x0000000050000000 - 0x0000000050016000 	E:\work\jdk1.8.0_101\jre\bin\zip.dll

VM Arguments:
jvm_args: -Djava.awt.headless=true -Xmx1024M -Dfile.encoding=GBK -Duser.country=CN -Duser.language=zh -Duser.variant 
java_command: com.android.dx.command.Main --dex --num-threads=4 --output E:\work\AndroidStudioProjects\MyApplicationtest\app\build\intermediates\transforms\dex\debug\folders\1000\1f\main E:\work\AndroidStudioProjects\MyApplicationtest\app\build\intermediates\pre-dexed\debug\com.android.support-appcompat-v7-23.4.0_8e1e347d368a53128ad03beed4a9c42fb2fe2fe0.jar E:\work\AndroidStudioProjects\MyApplicationtest\app\build\intermediates\pre-dexed\debug\httpmime-4.2.5_726ed9666a1898e34fa82a61f3cedd5dba0ded10.jar E:\work\AndroidStudioProjects\MyApplicationtest\app\build\intermediates\pre-dexed\debug\support-annotations-23.4.0_af498be07940b7bc58deae7d0e8e9932d341d44e.jar E:\work\AndroidStudioProjects\MyApplicationtest\app\build\intermediates\pre-dexed\debug\commons-logging-1.1.1_0937de95fff1a0c789b4f1f3a417d890a584eda8.jar E:\work\AndroidStudioProjects\MyApplicationtest\app\build\intermediates\pre-dexed\debug\httpclient-cache-4.2.5_611ca2136a03168717ae18945cf04c2d9b62c739.jar E:\work\AndroidStudioProjects\MyApplicationtest\app\build\intermediates\pre-dexed\debug\internal_impl-23.4.0_000c9bed33250299079bb571701c120aa10ceb8a.jar E:\work\AndroidStudioProjects\MyApplicationtest\app\build\intermediates\pre-dexed\debug\debug_369feb91d63c827830ab47393b7ae93d4ebf9298.jar E:\work\AndroidStudioProjects\MyApplicationtest\app\build\intermediates\pre-dexed\debug\com.android.support-animated-vector-drawable-23.4.0_cdb264d119d12d237c21db1f84165ca2adb30890.jar E:\work\AndroidStudioProjects\MyApplicationtest\app\build\intermediates\pre-dexed\debug\com.android.support-support-vector-drawable-23.4.0_d981be50ef6d9acf7eca687c22b5ebfaa8d0f2fa.jar E:\work\AndroidStudioProjects\MyApplicationtest\app\build\intermediates\pre-dexed\debug\fluent-hc-4.2.5_cdba898a94c9f4fda91ac4496728bd7f8a6f4c4f.jar E:\work\AndroidStudioProjects\MyApplicationtest\app\build\intermediates\pre-dexed\debug\httpclient-4.2.5_192d1b9a8b5633042c904578017f52c1ae358f69.jar E:\work\AndroidStudioProjects\MyApplicationtest\app\build\
java_class_path (initial): E:\work\Android\sdk\build-tools\24.0.2\lib\dx.jar
Launcher Type: SUN_STANDARD

Environment Variables:
JAVA_HOME=E:\work\jdk1.8.0_101
CLASSPATH=E:\work\jdk1.8.0_101\lib\dt.jar;E:\work\jdk1.8.0_101\lib\tools.jar
PATH=E:\work\jdk1.8.0_101\bin;E:\mysql-5.7.12-winx64\bin;E:\work\Python35\Scripts\;E:\work\Python35\;C:\oracle\ora90\bin;D:\app\client\Administrator\product\12.1.0\client_1\bin;C:\Program Files (x86)\NVIDIA Corporation\PhysX\Common;E:\apache-maven-3.3.9\bin;C:\WINDOWS\system32\Wbem;C:\WINDOWS\system32;C:\WINDOWS;C:\Program Files (x86)\PostgreSQL\9.3\bin;C:\WINDOWS\System32\Wbem;C:\WINDOWS\System32\WindowsPowerShell\v1.0\;C:\Program Files (x86)\Microsoft SQL Server\110\Tools\Binn\ManagementStudio\;C:\Program Files (x86)\Microsoft SQL Server\110\Tools\Binn\;C:\Program Files\Microsoft SQL Server\110\Tools\Binn\;C:\Program Files (x86)\Microsoft SQL Server\110\DTS\Binn\;E:\work\Anaconda3;E:\work\Anaconda3\Scripts;E:\work\Anaconda3\Library\bin;C:\Program Files\Common Files\Microsoft Shared\Windows Live;E:\modeltech_10.1a\win32;E:\work\Python35
USERNAME=Administrator
OS=Windows_NT
PROCESSOR_IDENTIFIER=Intel64 Family 6 Model 60 Stepping 3, GenuineIntel



---------------  S Y S T E M  ---------------

OS: Windows 10.0 , 64 bit Build 10586 (10.0.10586.589)

CPU:total 8 (4 cores per cpu, 2 threads per core) family 6 model 60 stepping 3, cmov, cx8, fxsr, mmx, sse, sse2, sse3, ssse3, sse4.1, sse4.2, popcnt, avx, avx2, aes, clmul, erms, lzcnt, ht, tsc, tscinvbit, bmi1, bmi2

Memory: 4k page, physical 8313132k(1582656k free), swap 8313132k(6104k free)

vm_info: Java HotSpot(TM) 64-Bit Server VM (25.101-b13) for windows-amd64 JRE (1.8.0_101-b13), built on Jun 22 2016 01:21:29 by "java_re" with MS VC++ 10.0 (VS2010)

time: Sun Feb 26 15:16:28 2017
elapsed time: 0 seconds (0d 0h 0m 0s)

